<?xml version="1.0" encoding="UTF-8"?>
<!-- Generated by org.testng.reporters.JUnitReportReporter -->
<testsuite hostname="DESKTOP-AFO6IB7" failures="0" tests="1" name="com.qa.testPage.TestRegister" time="8.036" errors="0" timestamp="2022-08-26T11:53:12 IST" skipped="0">
  <testcase classname="com.qa.testPage.TestRegister" name="register" time="8.036"/>
  <system-out/>
</testsuite> <!-- com.qa.testPage.TestRegister -->
