<?xml version="1.0" encoding="UTF-8"?>
<!-- Generated by org.testng.reporters.JUnitReportReporter -->
<testsuite hostname="DESKTOP-AFO6IB7" failures="0" tests="1" name="com.qa.testPage.TestHomePage" time="7.380" errors="0" timestamp="2022-08-26T10:43:35 IST" skipped="0">
  <testcase classname="com.qa.testPage.TestHomePage" name="homepage" time="7.380"/>
  <system-out/>
</testsuite> <!-- com.qa.testPage.TestHomePage -->
